Determining if the pthread_create exist failed with the following output:
Change Dir: /home/victoria/Desktop/MotionPlanningProject/catkin_ws/build/CMakeFiles/CMakeTmp

Run Build Command:"/usr/bin/make" "cmTC_aed40/fast"
/usr/bin/make -f CMakeFiles/cmTC_aed40.dir/build.make CMakeFiles/cmTC_aed40.dir/build
make[1]: Entering directory '/home/victoria/Desktop/MotionPlanningProject/catkin_ws/build/CMakeFiles/CMakeTmp'
Building C object CMakeFiles/cmTC_aed40.dir/CheckSymbolExists.c.o
/usr/bin/cc    -o CMakeFiles/cmTC_aed40.dir/CheckSymbolExists.c.o   -c /home/victoria/Desktop/MotionPlanningProject/catkin_ws/build/CMakeFiles/CMakeTmp/CheckSymbolExists.c
Linking C executable cmTC_aed40
/usr/bin/cmake -E cmake_link_script CMakeFiles/cmTC_aed40.dir/link.txt --verbose=1
/usr/bin/cc      -rdynamic CMakeFiles/cmTC_aed40.dir/CheckSymbolExists.c.o  -o cmTC_aed40 
CMakeFiles/cmTC_aed40.dir/CheckSymbolExists.c.o: In function `main':
CheckSymbolExists.c:(.text+0x1b): undefined reference to `pthread_create'
collect2: error: ld returned 1 exit status
CMakeFiles/cmTC_aed40.dir/build.make:97: recipe for target 'cmTC_aed40' failed
make[1]: *** [cmTC_aed40] Error 1
make[1]: Leaving directory '/home/victoria/Desktop/MotionPlanningProject/catkin_ws/build/CMakeFiles/CMakeTmp'
Makefile:126: recipe for target 'cmTC_aed40/fast' failed
make: *** [cmTC_aed40/fast] Error 2

File /home/victoria/Desktop/MotionPlanningProject/catkin_ws/build/CMakeFiles/CMakeTmp/CheckSymbolExists.c:
/* */
#include <pthread.h>

int main(int argc, char** argv)
{
  (void)argv;
#ifndef pthread_create
  return ((int*)(&pthread_create))[argc];
#else
  (void)argc;
  return 0;
#endif
}

Determining if the function pthread_create exists in the pthreads failed with the following output:
Change Dir: /home/victoria/Desktop/MotionPlanningProject/catkin_ws/build/CMakeFiles/CMakeTmp

Run Build Command:"/usr/bin/make" "cmTC_dda98/fast"
/usr/bin/make -f CMakeFiles/cmTC_dda98.dir/build.make CMakeFiles/cmTC_dda98.dir/build
make[1]: Entering directory '/home/victoria/Desktop/MotionPlanningProject/catkin_ws/build/CMakeFiles/CMakeTmp'
Building C object CMakeFiles/cmTC_dda98.dir/CheckFunctionExists.c.o
/usr/bin/cc   -DCHECK_FUNCTION_EXISTS=pthread_create   -o CMakeFiles/cmTC_dda98.dir/CheckFunctionExists.c.o   -c /usr/share/cmake-3.10/Modules/CheckFunctionExists.c
Linking C executable cmTC_dda98
/usr/bin/cmake -E cmake_link_script CMakeFiles/cmTC_dda98.dir/link.txt --verbose=1
/usr/bin/cc  -DCHECK_FUNCTION_EXISTS=pthread_create    -rdynamic CMakeFiles/cmTC_dda98.dir/CheckFunctionExists.c.o  -o cmTC_dda98 -lpthreads 
/usr/bin/ld: cannot find -lpthreads
collect2: error: ld returned 1 exit status
CMakeFiles/cmTC_dda98.dir/build.make:97: recipe for target 'cmTC_dda98' failed
make[1]: *** [cmTC_dda98] Error 1
make[1]: Leaving directory '/home/victoria/Desktop/MotionPlanningProject/catkin_ws/build/CMakeFiles/CMakeTmp'
Makefile:126: recipe for target 'cmTC_dda98/fast' failed
make: *** [cmTC_dda98/fast] Error 2


